[main 307da47] autopush: 2026-03-28 13:25:44
 1 file changed, 0 insertions(+), 0 deletions(-)
 create mode 100644 autopush.log
remote: This repository moved. Please use the new location:        
remote:   https://github.com/aruijter72/Archimate-engine.git        
To https://github.com/aruijter72/archimate-engine.git
   6e58af3..307da47  main -> main
[main f4365c5] autopush: 2026-03-28 13:25:55
 1 file changed, 7 insertions(+)
remote: This repository moved. Please use the new location:        
remote:   https://github.com/aruijter72/Archimate-engine.git        
To https://github.com/aruijter72/archimate-engine.git
   307da47..f4365c5  main -> main
[main 3e62e34] autopush: 2026-03-28 13:26:05
 1 file changed, 6 insertions(+)
remote: This repository moved. Please use the new location:        
remote:   https://github.com/aruijter72/Archimate-engine.git        
To https://github.com/aruijter72/archimate-engine.git
   f4365c5..3e62e34  main -> main
[main 58ee642] autopush: 2026-03-28 13:26:15
 1 file changed, 6 insertions(+)
remote: This repository moved. Please use the new location:        
remote:   https://github.com/aruijter72/Archimate-engine.git        
To https://github.com/aruijter72/archimate-engine.git
   3e62e34..58ee642  main -> main
[main 6c7a72e] autopush: 2026-03-28 13:26:25
 1 file changed, 6 insertions(+)
remote: This repository moved. Please use the new location:        
remote:   https://github.com/aruijter72/Archimate-engine.git        
To https://github.com/aruijter72/archimate-engine.git
   58ee642..6c7a72e  main -> main
[main 439b16d] autopush: 2026-03-28 13:26:35
 1 file changed, 6 insertions(+)
remote: This repository moved. Please use the new location:        
remote:   https://github.com/aruijter72/Archimate-engine.git        
To https://github.com/aruijter72/archimate-engine.git
   6c7a72e..439b16d  main -> main
[main a62c29a] autopush: 2026-03-28 13:26:46
 1 file changed, 6 insertions(+)
remote: This repository moved. Please use the new location:        
remote:   https://github.com/aruijter72/Archimate-engine.git        
To https://github.com/aruijter72/archimate-engine.git
   439b16d..a62c29a  main -> main
[main a446cd2] autopush: 2026-03-28 13:27:00
 1 file changed, 6 insertions(+)
remote: This repository moved. Please use the new location:        
remote:   https://github.com/aruijter72/Archimate-engine.git        
To https://github.com/aruijter72/archimate-engine.git
   a62c29a..a446cd2  main -> main
